2023-12-30 22:28:38 DEBUG TelegramBot:28 - Received message: qwe
2023-12-30 22:29:55 DEBUG TelegramBot:28 - Received message: /start
2023-12-30 22:42:19 DEBUG TelegramBot:30 - Received message: /start
2023-12-30 22:43:12 DEBUG TelegramBot:30 - Received message: /start
2023-12-30 22:44:20 DEBUG TelegramBot:30 - Received message: null
2023-12-30 22:47:09 DEBUG TelegramBot:30 - Received message: q
2023-12-30 22:47:12 DEBUG TelegramBot:30 - Received message: w
2023-12-30 22:47:13 DEBUG TelegramBot:30 - Received message: e
2023-12-30 22:47:35 DEBUG TelegramBot:30 - Received message: w
2023-12-30 22:47:37 DEBUG TelegramBot:30 - Received message: e
2023-12-30 22:47:38 DEBUG TelegramBot:30 - Received message: r
2023-12-30 22:47:39 DEBUG TelegramBot:30 - Received message: t
2023-12-30 22:47:45 DEBUG TelegramBot:30 - Received message: wqe
2023-12-30 22:47:46 DEBUG TelegramBot:30 - Received message: qwe
2023-12-31 12:47:10 DEBUG TelegramBot:32 - Received message: уу
2023-12-31 16:09:26 DEBUG TelegramBot:32 - Received message: /start
2023-12-31 16:10:31 DEBUG TelegramBot:32 - Received message: /start
2023-12-31 16:13:07 DEBUG TelegramBot:32 - Received message: /start
2023-12-31 16:24:50 DEBUG TelegramBot:36 - Received message: /start
2023-12-31 16:25:19 DEBUG TelegramBot:36 - Received message: e
2023-12-31 16:25:24 DEBUG TelegramBot:36 - Received message: wferv
2023-12-31 16:25:25 DEBUG TelegramBot:36 - Received message: erv
2023-12-31 16:31:28 DEBUG TelegramBot:36 - Received message: w
2023-12-31 16:35:18 DEBUG TelegramBot:36 - Received message: q
2023-12-31 16:42:10 DEBUG TelegramBot:36 - Received message: /start
2023-12-31 16:42:13 DEBUG TelegramBot:36 - Received message: d
2023-12-31 16:42:15 DEBUG TelegramBot:36 - Received message: d
2023-12-31 16:42:33 DEBUG TelegramBot:36 - Received message: /start
2023-12-31 16:42:35 DEBUG TelegramBot:36 - Received message: /s
2023-12-31 16:42:38 DEBUG TelegramBot:36 - Received message: q
2023-12-31 16:49:34 DEBUG TelegramBot:36 - Received message: kjb
2023-12-31 19:46:12 DEBUG TelegramBot:36 - Received message: /start
2023-12-31 19:46:17 DEBUG TelegramBot:36 - Received message: qwe
2023-12-31 19:47:19 DEBUG TelegramBot:36 - Received message: https://www.youtube.com/watch?v=gSlXo2iLBro
2023-12-31 19:50:58 DEBUG TelegramBot:36 - Received message: https://www.youtube.com/watch
2023-12-31 19:51:27 DEBUG TelegramBot:36 - Received message: https://www.youtube.com/watch
2024-01-01 01:18:11 DEBUG TelegramBot:36 - Received message: https://www.youtube.com/watch?v=suAR1PYFNYA
2024-01-01 01:41:43 DEBUG TelegramBot:40 - Received message: https://www.youtube.com/watch?v=suAR1PYFNYA
2024-01-01 01:42:52 DEBUG TelegramBot:40 - Received message: https://www.youtube.com/watch?v=suAR1PYFNYA
2024-01-01 01:43:40 DEBUG TelegramBot:40 - Received message: https://www.youtube.com/watch?v=suAR1PYFNYA
2024-01-01 01:47:22 DEBUG TelegramBot:40 - Received message: https://www.youtube.com/watch?v=pRpeEdMmmQ0
2024-01-01 01:47:37 DEBUG TelegramBot:40 - Received message: https://www.youtube.com/watch?v=pRpeEdMmmQ0
2024-01-01 01:48:57 DEBUG TelegramBot:40 - Received message: https://www.youtube.com/watch?v=weRHyjj34ZE
2024-01-01 01:49:47 DEBUG TelegramBot:40 - Received message: /start
2024-01-01 01:51:59 DEBUG TelegramBot:40 - Received message: /start
2024-01-01 01:52:49 DEBUG TelegramBot:40 - Received message: https://youtube.com/shorts/nQz8VTbIgo4?si=dvemWyiAYthHy8zd
2024-01-01 12:29:22 DEBUG TelegramBot:40 - Received message: /start
2024-01-01 12:29:24 DEBUG TelegramBot:40 - Received message: https://www.youtube.com/watch?v=weRHyjj34ZE
2024-01-01 12:59:30 DEBUG TelegramBot:40 - Received message: https://youtube.com/shorts/mvo8Ji-S4q4?si=yOrlOOsBWygSnWTt
2024-01-01 13:34:09 DEBUG TelegramBot:40 - Received message: https://youtube.com/shorts/mvo8Ji-S4q4?si=yOrlOOsBWygSnWTt
2024-01-01 13:38:27 DEBUG TelegramBot:40 - Received message: https://youtube.com/shorts/mvo8Ji-S4q4?si=yOrlOOsBWygSnWTt
2024-01-01 22:56:59 DEBUG TelegramBot:40 - Received message: https://www.youtube.com/watch?v=weRHyjj34ZE
2024-01-01 22:58:46 DEBUG TelegramBot:40 - Received message: https://www.youtube.com/watch?v=weRHyjj34ZE
2024-01-01 23:11:25 DEBUG TelegramBot:40 - Received message: ;
2024-01-01 23:12:29 DEBUG TelegramBot:40 - Received message: .
2024-01-01 23:15:34 DEBUG TelegramBot:43 - Received message: q
2024-01-01 23:15:34 DEBUG UpdateProducerImpl:14 - text  q
2024-01-01 23:16:57 DEBUG TelegramBot:43 - Received message: q
2024-01-01 23:16:57 DEBUG UpdateProducerImpl:14 - text  q
2024-01-01 23:16:59 DEBUG TelegramBot:43 - Received message: w
2024-01-01 23:16:59 DEBUG UpdateProducerImpl:14 - text  w
2024-01-01 23:17:02 DEBUG TelegramBot:43 - Received message: /start
2024-01-01 23:17:02 DEBUG UpdateProducerImpl:14 - text  /start
2024-01-05 10:13:48 DEBUG TelegramBot:43 - Received message: https://www.youtube.com/watch?v=0NWCx1xHjBE
2024-01-05 10:13:48 DEBUG UpdateProducerImpl:17 - text https://www.youtube.com/watch?v=0NWCx1xHjBE
2024-01-05 10:23:28 DEBUG TelegramBot:43 - Received message: https://www.youtube.com/watch?v=0NWCx1xHjBE
2024-01-05 10:23:28 DEBUG UpdateProducerImpl:17 - text https://www.youtube.com/watch?v=0NWCx1xHjBE
2024-01-05 10:28:21 DEBUG TelegramBot:43 - Received message: https://www.youtube.com/watch?v=0NWCx1xHjBE
2024-01-05 10:28:21 DEBUG UpdateProducerImpl:17 - text https://www.youtube.com/watch?v=0NWCx1xHjBE
2024-01-05 10:56:36 DEBUG TelegramBot:43 - Received message: https://www.youtube.com/watch?v=0NWCx1xHjBE
2024-01-05 10:56:36 DEBUG UpdateProducerImpl:17 - text https://www.youtube.com/watch?v=0NWCx1xHjBE
2024-01-05 23:46:01 DEBUG TelegramBot:43 - Received message: /info
2024-01-05 23:46:01 DEBUG UpdateProducerImpl:17 - text /info
2024-01-05 23:48:25 DEBUG TelegramBot:43 - Received message: https://www.youtube.com/watch?v=0NWCx1xHjBE
2024-01-05 23:48:25 DEBUG UpdateProducerImpl:17 - text https://www.youtube.com/watch?v=0NWCx1xHjBE
2024-01-05 23:50:44 DEBUG TelegramBot:43 - Received message: https://youtube.com/shorts/mvo8Ji-S4q4?si=yOrlOOsBWygSnWTt
2024-01-05 23:50:44 DEBUG UpdateProducerImpl:17 - text https://youtube.com/shorts/mvo8Ji-S4q4?si=yOrlOOsBWygSnWTt
2024-01-05 23:52:17 DEBUG TelegramBot:43 - Received message: https://www.youtube.com/shorts/sKZghz2bmWY
2024-01-05 23:52:17 DEBUG UpdateProducerImpl:17 - text https://www.youtube.com/shorts/sKZghz2bmWY
2024-01-05 23:54:33 DEBUG TelegramBot:43 - Received message: null
2024-01-05 23:55:21 DEBUG TelegramBot:43 - Received message: /start
2024-01-05 23:55:21 DEBUG UpdateProducerImpl:17 - text /start
2024-01-05 23:55:29 DEBUG TelegramBot:43 - Received message: /info
2024-01-05 23:55:29 DEBUG UpdateProducerImpl:17 - text /info
2024-01-05 23:56:17 DEBUG TelegramBot:43 - Received message: /start
2024-01-05 23:56:17 DEBUG UpdateProducerImpl:17 - text /start
2024-01-05 23:56:23 DEBUG TelegramBot:43 - Received message: /start
2024-01-05 23:56:23 DEBUG UpdateProducerImpl:17 - text /start
2024-01-05 23:56:44 DEBUG TelegramBot:43 - Received message: /start
2024-01-05 23:56:44 DEBUG UpdateProducerImpl:17 - text /start
2024-01-05 23:56:45 DEBUG TelegramBot:43 - Received message: /start
2024-01-05 23:56:45 DEBUG UpdateProducerImpl:17 - text /start
2024-01-05 23:56:48 DEBUG TelegramBot:43 - Received message: Че надо
2024-01-05 23:56:48 DEBUG UpdateProducerImpl:17 - text Че надо
2024-01-05 23:56:49 DEBUG TelegramBot:43 - Received message: Тебе
2024-01-05 23:56:49 DEBUG UpdateProducerImpl:17 - text Тебе
2024-01-05 23:56:50 DEBUG TelegramBot:43 - Received message: Ваня
2024-01-05 23:56:50 DEBUG UpdateProducerImpl:17 - text Ваня
2024-01-05 23:56:53 DEBUG TelegramBot:43 - Received message: /start
2024-01-05 23:56:53 DEBUG UpdateProducerImpl:17 - text /start
2024-01-05 23:56:54 DEBUG TelegramBot:43 - Received message: Как дела
2024-01-05 23:56:54 DEBUG UpdateProducerImpl:17 - text Как дела
2024-01-05 23:56:56 DEBUG TelegramBot:43 - Received message: /start
2024-01-05 23:56:56 DEBUG UpdateProducerImpl:17 - text /start
2024-01-05 23:56:57 DEBUG TelegramBot:43 - Received message: https://youtube.com/shorts/mvo8Ji-S4q4?si=yOrlOOsBWygSnWTt
2024-01-05 23:56:57 DEBUG UpdateProducerImpl:17 - text https://youtube.com/shorts/mvo8Ji-S4q4?si=yOrlOOsBWygSnWTt
2024-01-05 23:58:18 DEBUG TelegramBot:43 - Received message: /info@marmelo_Bot
2024-01-05 23:58:18 DEBUG UpdateProducerImpl:17 - text /info@marmelo_Bot
2024-01-05 23:58:22 DEBUG TelegramBot:43 - Received message: https://youtube.com/shorts/mvo8Ji-S4q4?si=yOrlOOsBWygSnWTt
2024-01-05 23:58:22 DEBUG UpdateProducerImpl:17 - text https://youtube.com/shorts/mvo8Ji-S4q4?si=yOrlOOsBWygSnWTt
2024-01-05 23:58:28 DEBUG TelegramBot:43 - Received message: /info@marmelo_Bot
2024-01-05 23:58:28 DEBUG UpdateProducerImpl:17 - text /info@marmelo_Bot
2024-01-05 23:58:34 DEBUG TelegramBot:43 - Received message: https://youtube.com/shorts/mvo8Ji-S4q4?si=yOrlOOsBWygSnWTt
2024-01-05 23:58:34 DEBUG UpdateProducerImpl:17 - text https://youtube.com/shorts/mvo8Ji-S4q4?si=yOrlOOsBWygSnWTt
2024-01-05 23:58:57 DEBUG TelegramBot:43 - Received message: Все
2024-01-05 23:58:57 DEBUG UpdateProducerImpl:17 - text Все
2024-01-05 23:58:59 DEBUG TelegramBot:43 - Received message: Могу спать?
2024-01-05 23:58:59 DEBUG UpdateProducerImpl:17 - text Могу спать?
2024-01-05 23:59:15 DEBUG TelegramBot:43 - Received message: /start
2024-01-05 23:59:15 DEBUG UpdateProducerImpl:17 - text /start
2024-01-05 23:59:41 DEBUG TelegramBot:43 - Received message: https://youtu.be/oDaePV8FKWY?si=0jxUwoHtx0Zo8iky
2024-01-05 23:59:41 DEBUG UpdateProducerImpl:17 - text https://youtu.be/oDaePV8FKWY?si=0jxUwoHtx0Zo8iky
2024-01-05 23:59:47 DEBUG TelegramBot:43 - Received message: пизда
2024-01-05 23:59:47 DEBUG UpdateProducerImpl:17 - text пизда
2024-01-05 23:59:50 DEBUG TelegramBot:43 - Received message: схуяли?
2024-01-05 23:59:50 DEBUG UpdateProducerImpl:17 - text схуяли?
2024-01-05 23:59:54 DEBUG TelegramBot:43 - Received message: https://youtu.be/oDaePV8FKWY?si=0jxUwoHtx0Zo8iky
2024-01-05 23:59:54 DEBUG UpdateProducerImpl:17 - text https://youtu.be/oDaePV8FKWY?si=0jxUwoHtx0Zo8iky
2024-01-06 00:10:15 DEBUG TelegramBot:43 - Received message: reg from Ванька🔱
2024-01-06 00:10:15 DEBUG UpdateProducerImpl:17 - text reg
2024-01-06 00:11:54 DEBUG TelegramBot:43 - Received message: bt,rtbl from Ванька🔱
2024-01-06 00:11:54 DEBUG UpdateProducerImpl:17 - text bt,rtbl
2024-01-06 00:11:55 DEBUG TelegramBot:43 - Received message: wer from Ванька🔱
2024-01-06 00:11:55 DEBUG UpdateProducerImpl:17 - text wer
2024-01-06 00:12:43 DEBUG TelegramBot:43 - Received message: Ваня ты бог from Сергей
2024-01-06 00:12:43 DEBUG UpdateProducerImpl:17 - text Ваня ты бог
2024-01-06 00:12:48 DEBUG TelegramBot:43 - Received message: батя программирования from Сергей
2024-01-06 00:12:48 DEBUG UpdateProducerImpl:17 - text батя программирования
2024-01-06 00:12:52 DEBUG TelegramBot:43 - Received message: просто ахуеть from Сергей
2024-01-06 00:12:52 DEBUG UpdateProducerImpl:17 - text просто ахуеть
2024-01-06 00:12:57 DEBUG TelegramBot:43 - Received message: /start from null
2024-01-06 00:12:57 DEBUG UpdateProducerImpl:17 - text /start
2024-01-06 00:12:58 DEBUG TelegramBot:43 - Received message: https://youtu.be/oDaePV8FKWY?si=0jxUwoHtx0Zo8iky from Сергей
2024-01-06 00:12:58 DEBUG UpdateProducerImpl:17 - text https://youtu.be/oDaePV8FKWY?si=0jxUwoHtx0Zo8iky
2024-01-06 00:13:11 DEBUG TelegramBot:43 - Received message: что молчишь, нечего ответить???? from Сергей
2024-01-06 00:13:11 DEBUG UpdateProducerImpl:17 - text что молчишь, нечего ответить????
2024-01-06 00:29:41 DEBUG TelegramBot:43 - Received message: /info from Ванька🔱
2024-01-06 00:29:41 DEBUG UpdateProducerImpl:17 - text /info
2024-01-06 00:37:57 DEBUG TelegramBot:43 - Received message: https://youtu.be/oDaePV8FKWY?si=0jxUwoHtx0Zo8iky from Ванька🔱
2024-01-06 00:37:57 DEBUG UpdateProducerImpl:17 - text https://youtu.be/oDaePV8FKWY?si=0jxUwoHtx0Zo8iky
2024-01-06 00:38:25 DEBUG TelegramBot:43 - Received message: https://www.youtube.com/shorts/sKZghz2bmWY from Ванька🔱
2024-01-06 00:38:25 DEBUG UpdateProducerImpl:17 - text https://www.youtube.com/shorts/sKZghz2bmWY
2024-01-06 00:41:32 DEBUG TelegramBot:43 - Received message: https://www.youtube.com/shorts/sKZghz2bmWY from Ванька🔱
2024-01-06 00:41:32 DEBUG UpdateProducerImpl:17 - text https://www.youtube.com/shorts/sKZghz2bmWY
2024-01-06 01:00:49 DEBUG TelegramBot:43 - Received message: https://www.youtube.com/shorts/_aHjXQnxljE from Ванька🔱
2024-01-06 01:00:49 DEBUG UpdateProducerImpl:17 - text https://www.youtube.com/shorts/_aHjXQnxljE
2024-01-06 01:03:24 DEBUG TelegramBot:43 - Received message: https://www.youtube.com/shorts/_aHjXQnxljE from Ванька🔱
2024-01-06 01:03:24 DEBUG UpdateProducerImpl:17 - text https://www.youtube.com/shorts/_aHjXQnxljE
2024-01-06 01:09:55 DEBUG TelegramBot:43 - Received message: https://www.youtube.com/shorts/sKZghz2bmWY from Ванька🔱
2024-01-06 01:09:55 DEBUG UpdateProducerImpl:17 - text https://www.youtube.com/shorts/sKZghz2bmWY
2024-01-06 01:11:38 DEBUG TelegramBot:43 - Received message: https://www.youtube.com/shorts/sKZghz2bmWY from Ванька🔱
2024-01-06 01:11:38 DEBUG UpdateProducerImpl:17 - text https://www.youtube.com/shorts/sKZghz2bmWY
2024-01-06 01:12:03 DEBUG TelegramBot:43 - Received message: https://www.youtube.com/shorts/sKZghz2bmWY from Ванька🔱
2024-01-06 01:12:03 DEBUG UpdateProducerImpl:17 - text https://www.youtube.com/shorts/sKZghz2bmWY
2024-01-06 01:15:40 DEBUG TelegramBot:43 - Received message: short from Ванька🔱
2024-01-06 01:15:40 DEBUG UpdateProducerImpl:17 - text short
2024-01-06 01:15:49 DEBUG TelegramBot:43 - Received message: shorts from Ванька🔱
2024-01-06 01:15:49 DEBUG UpdateProducerImpl:17 - text shorts
2024-01-06 09:46:43 DEBUG TelegramBot:43 - Received message: /info@marmelo_Bot from null
2024-01-06 09:46:43 DEBUG UpdateProducerImpl:17 - text /info@marmelo_Bot
2024-01-06 09:46:44 DEBUG TelegramBot:43 - Received message: /start from null
2024-01-06 09:46:44 DEBUG UpdateProducerImpl:17 - text /start
2024-01-06 09:48:47 DEBUG TelegramBot:43 - Received message: shorts from Ванька🔱
2024-01-06 09:48:47 DEBUG UpdateProducerImpl:17 - text shorts
2024-01-06 09:54:01 DEBUG TelegramBot:43 - Received message: https://www.youtube.com/shorts/sKZghz2bmWY from Ванька🔱
2024-01-06 09:54:01 DEBUG UpdateProducerImpl:17 - text https://www.youtube.com/shorts/sKZghz2bmWY
2024-01-06 09:58:36 DEBUG TelegramBot:43 - Received message: /info from Ванька🔱
2024-01-06 09:58:36 DEBUG UpdateProducerImpl:17 - text /info
2024-01-06 09:59:03 DEBUG TelegramBot:43 - Received message: /info from Ванька🔱
2024-01-06 09:59:03 DEBUG UpdateProducerImpl:17 - text /info
2024-01-06 09:59:24 DEBUG TelegramBot:43 - Received message: https://www.youtube.com/shorts/_aHjXQnxljE from Ванька🔱
2024-01-06 09:59:24 DEBUG UpdateProducerImpl:17 - text https://www.youtube.com/shorts/_aHjXQnxljE
2024-01-06 10:03:32 DEBUG TelegramBot:43 - Received message: /info@marmelo_Bot from null
2024-01-06 10:03:32 DEBUG UpdateProducerImpl:17 - text /info@marmelo_Bot
2024-01-06 10:03:41 DEBUG TelegramBot:43 - Received message: /info@marmelo_Bot from null
2024-01-06 10:03:41 DEBUG UpdateProducerImpl:17 - text /info@marmelo_Bot
2024-01-06 10:04:30 DEBUG TelegramBot:43 - Received message: /info@marmelo_Bot from null
2024-01-06 10:04:30 DEBUG UpdateProducerImpl:17 - text /info@marmelo_Bot
2024-01-06 10:09:03 DEBUG TelegramBot:43 - Received message: @marmelo_Bot from Ванька🔱
2024-01-06 10:09:03 DEBUG UpdateProducerImpl:17 - text @marmelo_Bot
2024-01-06 10:10:02 DEBUG TelegramBot:43 - Received message: @marmelo_Bot from Ванька🔱
2024-01-06 10:10:02 DEBUG UpdateProducerImpl:17 - text @marmelo_Bot
2024-01-06 10:19:46 DEBUG TelegramBot:43 - Received message: @marmelo_Bot from Ванька🔱
2024-01-06 10:19:46 DEBUG UpdateProducerImpl:17 - text @marmelo_Bot
2024-01-06 10:25:26 DEBUG TelegramBot:43 - Received message: @marmelo_Bot привет from Ванька🔱
2024-01-06 10:25:26 DEBUG UpdateProducerImpl:17 - text @marmelo_Bot привет
2024-01-06 10:27:54 DEBUG TelegramBot:43 - Received message: https://youtu.be/oDaePV8FKWY?si=0jxUwoHtx0Zo8iky from Ванька🔱
2024-01-06 10:27:54 DEBUG UpdateProducerImpl:17 - text https://youtu.be/oDaePV8FKWY?si=0jxUwoHtx0Zo8iky
2024-01-06 10:29:32 DEBUG TelegramBot:43 - Received message: https://youtu.be/oDaePV8FKWY?si=0jxUwoHtx0Zo8iky from Ванька🔱
2024-01-06 10:29:32 DEBUG UpdateProducerImpl:17 - text https://youtu.be/oDaePV8FKWY?si=0jxUwoHtx0Zo8iky
2024-01-06 10:30:01 DEBUG TelegramBot:43 - Received message: https://youtu.be/oDaePV8FKWY?si=0jxUwoHtx0Zo8iky from Ванька🔱
2024-01-06 10:30:01 DEBUG UpdateProducerImpl:17 - text https://youtu.be/oDaePV8FKWY?si=0jxUwoHtx0Zo8iky
